<?xml version="1.0" encoding="UTF-8"?>
<testng-results skipped="0" failed="0" ignored="0" total="1" passed="1">
  <reporter-output>
  </reporter-output>
  <suite name="Surefire suite" duration-ms="11484" started-at="2021-10-14T11:10:15 MST" finished-at="2021-10-14T11:10:26 MST">
    <groups>
    </groups>
    <test name="Surefire test" duration-ms="11484" started-at="2021-10-14T11:10:15 MST" finished-at="2021-10-14T11:10:26 MST">
      <class name="Cucumber.Automation.AppTest">
        <test-method status="PASS" signature="shouldAnswerWithTrue()" name="shouldAnswerWithTrue" duration-ms="5" started-at="2021-10-14T11:10:15 MST" finished-at="2021-10-14T11:10:15 MST">
          <reporter-output>
          </reporter-output>
        </test-method> <!-- shouldAnswerWithTrue -->
      </class> <!-- Cucumber.Automation.AppTest -->
    </test> <!-- Surefire test -->
  </suite> <!-- Surefire suite -->
</testng-results>
