<?xml version="1.0" encoding="UTF-8"?>
<testng-results skipped="0" failed="0" ignored="0" total="36" passed="36">
  <reporter-output>
  </reporter-output>
  <suite name="Surefire suite" duration-ms="841" started-at="2021-10-14T11:10:14 MST" finished-at="2021-10-14T11:10:15 MST">
    <groups>
      <group name="cucumber">
        <method signature="AbstractTestNGCucumberTests.runScenario(io.cucumber.testng.PickleWrapper,io.cucumber.testng.FeatureWrapper)[pri:0, instance:cucumberOptions.TestNGTestRunner@9660f4e]" name="runScenario" class="io.cucumber.testng.AbstractTestNGCucumberTests"/>
      </group> <!-- cucumber -->
    </groups>
    <test name="Surefire test" duration-ms="841" started-at="2021-10-14T11:10:14 MST" finished-at="2021-10-14T11:10:15 MST">
      <class name="cucumberOptions.TestNGTestRunner">
        <test-method status="PASS" signature="setUpClass()[pri:0, instance:cucumberOptions.TestNGTestRunner@9660f4e]" name="setUpClass" is-config="true" duration-ms="395" started-at="2021-10-14T11:10:14 MST" finished-at="2021-10-14T11:10:14 MST">
          <reporter-output>
          </reporter-output>
        </test-method> <!-- setUpClass -->
        <test-method status="PASS" signature="runScenario(io.cucumber.testng.PickleWrapper,io.cucumber.testng.FeatureWrapper)[pri:0, instance:cucumberOptions.TestNGTestRunner@9660f4e]" name="runScenario" duration-ms="203" started-at="2021-10-14T11:10:14 MST" description="Runs Cucumber Scenarios" data-provider="scenarios" finished-at="2021-10-14T11:10:14 MST">
          <params>
            <param index="0">
              <value>
                <![CDATA["Add Numbers and Symbols to Find Input Field"]]>
              </value>
            </param>
            <param index="1">
              <value>
                <![CDATA["Optional[Call Tab]"]]>
              </value>
            </param>
          </params>
          <reporter-output>
          </reporter-output>
        </test-method> <!-- runScenario -->
        <test-method status="PASS" signature="runScenario(io.cucumber.testng.PickleWrapper,io.cucumber.testng.FeatureWrapper)[pri:0, instance:cucumberOptions.TestNGTestRunner@9660f4e]" name="runScenario" duration-ms="4" started-at="2021-10-14T11:10:14 MST" description="Runs Cucumber Scenarios" data-provider="scenarios" finished-at="2021-10-14T11:10:14 MST">
          <params>
            <param index="0">
              <value>
                <![CDATA["Add Numbers and Symbols to Find Input Field"]]>
              </value>
            </param>
            <param index="1">
              <value>
                <![CDATA["Optional[Call Tab]"]]>
              </value>
            </param>
          </params>
          <reporter-output>
          </reporter-output>
        </test-method> <!-- runScenario -->
        <test-method status="PASS" signature="runScenario(io.cucumber.testng.PickleWrapper,io.cucumber.testng.FeatureWrapper)[pri:0, instance:cucumberOptions.TestNGTestRunner@9660f4e]" name="runScenario" duration-ms="7" started-at="2021-10-14T11:10:14 MST" description="Runs Cucumber Scenarios" data-provider="scenarios" finished-at="2021-10-14T11:10:14 MST">
          <params>
            <param index="0">
              <value>
                <![CDATA["Add Numbers and Symbols to Find Input Field"]]>
              </value>
            </param>
            <param index="1">
              <value>
                <![CDATA["Optional[Call Tab]"]]>
              </value>
            </param>
          </params>
          <reporter-output>
          </reporter-output>
        </test-method> <!-- runScenario -->
        <test-method status="PASS" signature="runScenario(io.cucumber.testng.PickleWrapper,io.cucumber.testng.FeatureWrapper)[pri:0, instance:cucumberOptions.TestNGTestRunner@9660f4e]" name="runScenario" duration-ms="4" started-at="2021-10-14T11:10:14 MST" description="Runs Cucumber Scenarios" data-provider="scenarios" finished-at="2021-10-14T11:10:14 MST">
          <params>
            <param index="0">
              <value>
                <![CDATA["Add Numbers and Symbols to Find Input Field"]]>
              </value>
            </param>
            <param index="1">
              <value>
                <![CDATA["Optional[Call Tab]"]]>
              </value>
            </param>
          </params>
          <reporter-output>
          </reporter-output>
        </test-method> <!-- runScenario -->
        <test-method status="PASS" signature="runScenario(io.cucumber.testng.PickleWrapper,io.cucumber.testng.FeatureWrapper)[pri:0, instance:cucumberOptions.TestNGTestRunner@9660f4e]" name="runScenario" duration-ms="6" started-at="2021-10-14T11:10:14 MST" description="Runs Cucumber Scenarios" data-provider="scenarios" finished-at="2021-10-14T11:10:14 MST">
          <params>
            <param index="0">
              <value>
                <![CDATA["Add Numbers and Symbols to Find Input Field"]]>
              </value>
            </param>
            <param index="1">
              <value>
                <![CDATA["Optional[Call Tab]"]]>
              </value>
            </param>
          </params>
          <reporter-output>
          </reporter-output>
        </test-method> <!-- runScenario -->
        <test-method status="PASS" signature="runScenario(io.cucumber.testng.PickleWrapper,io.cucumber.testng.FeatureWrapper)[pri:0, instance:cucumberOptions.TestNGTestRunner@9660f4e]" name="runScenario" duration-ms="4" started-at="2021-10-14T11:10:14 MST" description="Runs Cucumber Scenarios" data-provider="scenarios" finished-at="2021-10-14T11:10:14 MST">
          <params>
            <param index="0">
              <value>
                <![CDATA["Add Numbers and Symbols to Find Input Field"]]>
              </value>
            </param>
            <param index="1">
              <value>
                <![CDATA["Optional[Call Tab]"]]>
              </value>
            </param>
          </params>
          <reporter-output>
          </reporter-output>
        </test-method> <!-- runScenario -->
        <test-method status="PASS" signature="runScenario(io.cucumber.testng.PickleWrapper,io.cucumber.testng.FeatureWrapper)[pri:0, instance:cucumberOptions.TestNGTestRunner@9660f4e]" name="runScenario" duration-ms="5" started-at="2021-10-14T11:10:14 MST" description="Runs Cucumber Scenarios" data-provider="scenarios" finished-at="2021-10-14T11:10:14 MST">
          <params>
            <param index="0">
              <value>
                <![CDATA["Add Numbers and Symbols to Find Input Field"]]>
              </value>
            </param>
            <param index="1">
              <value>
                <![CDATA["Optional[Call Tab]"]]>
              </value>
            </param>
          </params>
          <reporter-output>
          </reporter-output>
        </test-method> <!-- runScenario -->
        <test-method status="PASS" signature="runScenario(io.cucumber.testng.PickleWrapper,io.cucumber.testng.FeatureWrapper)[pri:0, instance:cucumberOptions.TestNGTestRunner@9660f4e]" name="runScenario" duration-ms="6" started-at="2021-10-14T11:10:14 MST" description="Runs Cucumber Scenarios" data-provider="scenarios" finished-at="2021-10-14T11:10:14 MST">
          <params>
            <param index="0">
              <value>
                <![CDATA["Add Numbers and Symbols to Find Input Field"]]>
              </value>
            </param>
            <param index="1">
              <value>
                <![CDATA["Optional[Call Tab]"]]>
              </value>
            </param>
          </params>
          <reporter-output>
          </reporter-output>
        </test-method> <!-- runScenario -->
        <test-method status="PASS" signature="runScenario(io.cucumber.testng.PickleWrapper,io.cucumber.testng.FeatureWrapper)[pri:0, instance:cucumberOptions.TestNGTestRunner@9660f4e]" name="runScenario" duration-ms="5" started-at="2021-10-14T11:10:14 MST" description="Runs Cucumber Scenarios" data-provider="scenarios" finished-at="2021-10-14T11:10:14 MST">
          <params>
            <param index="0">
              <value>
                <![CDATA["Add Numbers and Symbols to Find Input Field"]]>
              </value>
            </param>
            <param index="1">
              <value>
                <![CDATA["Optional[Call Tab]"]]>
              </value>
            </param>
          </params>
          <reporter-output>
          </reporter-output>
        </test-method> <!-- runScenario -->
        <test-method status="PASS" signature="runScenario(io.cucumber.testng.PickleWrapper,io.cucumber.testng.FeatureWrapper)[pri:0, instance:cucumberOptions.TestNGTestRunner@9660f4e]" name="runScenario" duration-ms="3" started-at="2021-10-14T11:10:14 MST" description="Runs Cucumber Scenarios" data-provider="scenarios" finished-at="2021-10-14T11:10:14 MST">
          <params>
            <param index="0">
              <value>
                <![CDATA["Add Numbers and Symbols to Find Input Field"]]>
              </value>
            </param>
            <param index="1">
              <value>
                <![CDATA["Optional[Call Tab]"]]>
              </value>
            </param>
          </params>
          <reporter-output>
          </reporter-output>
        </test-method> <!-- runScenario -->
        <test-method status="PASS" signature="runScenario(io.cucumber.testng.PickleWrapper,io.cucumber.testng.FeatureWrapper)[pri:0, instance:cucumberOptions.TestNGTestRunner@9660f4e]" name="runScenario" duration-ms="7" started-at="2021-10-14T11:10:14 MST" description="Runs Cucumber Scenarios" data-provider="scenarios" finished-at="2021-10-14T11:10:14 MST">
          <params>
            <param index="0">
              <value>
                <![CDATA["Add Numbers and Symbols to Find Input Field"]]>
              </value>
            </param>
            <param index="1">
              <value>
                <![CDATA["Optional[Call Tab]"]]>
              </value>
            </param>
          </params>
          <reporter-output>
          </reporter-output>
        </test-method> <!-- runScenario -->
        <test-method status="PASS" signature="runScenario(io.cucumber.testng.PickleWrapper,io.cucumber.testng.FeatureWrapper)[pri:0, instance:cucumberOptions.TestNGTestRunner@9660f4e]" name="runScenario" duration-ms="3" started-at="2021-10-14T11:10:14 MST" description="Runs Cucumber Scenarios" data-provider="scenarios" finished-at="2021-10-14T11:10:14 MST">
          <params>
            <param index="0">
              <value>
                <![CDATA["Add Numbers and Symbols to Find Input Field"]]>
              </value>
            </param>
            <param index="1">
              <value>
                <![CDATA["Optional[Call Tab]"]]>
              </value>
            </param>
          </params>
          <reporter-output>
          </reporter-output>
        </test-method> <!-- runScenario -->
        <test-method status="PASS" signature="runScenario(io.cucumber.testng.PickleWrapper,io.cucumber.testng.FeatureWrapper)[pri:0, instance:cucumberOptions.TestNGTestRunner@9660f4e]" name="runScenario" duration-ms="3" started-at="2021-10-14T11:10:14 MST" description="Runs Cucumber Scenarios" data-provider="scenarios" finished-at="2021-10-14T11:10:14 MST">
          <params>
            <param index="0">
              <value>
                <![CDATA["Add Numbers and Symbols to Find Input Field"]]>
              </value>
            </param>
            <param index="1">
              <value>
                <![CDATA["Optional[Call Tab]"]]>
              </value>
            </param>
          </params>
          <reporter-output>
          </reporter-output>
        </test-method> <!-- runScenario -->
        <test-method status="PASS" signature="runScenario(io.cucumber.testng.PickleWrapper,io.cucumber.testng.FeatureWrapper)[pri:0, instance:cucumberOptions.TestNGTestRunner@9660f4e]" name="runScenario" duration-ms="8" started-at="2021-10-14T11:10:14 MST" description="Runs Cucumber Scenarios" data-provider="scenarios" finished-at="2021-10-14T11:10:14 MST">
          <params>
            <param index="0">
              <value>
                <![CDATA["Make a Call to Unknown Numbers"]]>
              </value>
            </param>
            <param index="1">
              <value>
                <![CDATA["Optional[Call Tab]"]]>
              </value>
            </param>
          </params>
          <reporter-output>
          </reporter-output>
        </test-method> <!-- runScenario -->
        <test-method status="PASS" signature="runScenario(io.cucumber.testng.PickleWrapper,io.cucumber.testng.FeatureWrapper)[pri:0, instance:cucumberOptions.TestNGTestRunner@9660f4e]" name="runScenario" duration-ms="4" started-at="2021-10-14T11:10:14 MST" description="Runs Cucumber Scenarios" data-provider="scenarios" finished-at="2021-10-14T11:10:14 MST">
          <params>
            <param index="0">
              <value>
                <![CDATA["Make a Call to Unknown Numbers"]]>
              </value>
            </param>
            <param index="1">
              <value>
                <![CDATA["Optional[Call Tab]"]]>
              </value>
            </param>
          </params>
          <reporter-output>
          </reporter-output>
        </test-method> <!-- runScenario -->
        <test-method status="PASS" signature="runScenario(io.cucumber.testng.PickleWrapper,io.cucumber.testng.FeatureWrapper)[pri:0, instance:cucumberOptions.TestNGTestRunner@9660f4e]" name="runScenario" duration-ms="8" started-at="2021-10-14T11:10:14 MST" description="Runs Cucumber Scenarios" data-provider="scenarios" finished-at="2021-10-14T11:10:14 MST">
          <params>
            <param index="0">
              <value>
                <![CDATA["Make a Call to Unknown Numbers"]]>
              </value>
            </param>
            <param index="1">
              <value>
                <![CDATA["Optional[Call Tab]"]]>
              </value>
            </param>
          </params>
          <reporter-output>
          </reporter-output>
        </test-method> <!-- runScenario -->
        <test-method status="PASS" signature="runScenario(io.cucumber.testng.PickleWrapper,io.cucumber.testng.FeatureWrapper)[pri:0, instance:cucumberOptions.TestNGTestRunner@9660f4e]" name="runScenario" duration-ms="4" started-at="2021-10-14T11:10:14 MST" description="Runs Cucumber Scenarios" data-provider="scenarios" finished-at="2021-10-14T11:10:14 MST">
          <params>
            <param index="0">
              <value>
                <![CDATA["Make a Call to Account/Contact/Lead"]]>
              </value>
            </param>
            <param index="1">
              <value>
                <![CDATA["Optional[Call Tab]"]]>
              </value>
            </param>
          </params>
          <reporter-output>
          </reporter-output>
        </test-method> <!-- runScenario -->
        <test-method status="PASS" signature="runScenario(io.cucumber.testng.PickleWrapper,io.cucumber.testng.FeatureWrapper)[pri:0, instance:cucumberOptions.TestNGTestRunner@9660f4e]" name="runScenario" duration-ms="4" started-at="2021-10-14T11:10:14 MST" description="Runs Cucumber Scenarios" data-provider="scenarios" finished-at="2021-10-14T11:10:14 MST">
          <params>
            <param index="0">
              <value>
                <![CDATA["Make a Call to Account/Contact/Lead"]]>
              </value>
            </param>
            <param index="1">
              <value>
                <![CDATA["Optional[Call Tab]"]]>
              </value>
            </param>
          </params>
          <reporter-output>
          </reporter-output>
        </test-method> <!-- runScenario -->
        <test-method status="PASS" signature="runScenario(io.cucumber.testng.PickleWrapper,io.cucumber.testng.FeatureWrapper)[pri:0, instance:cucumberOptions.TestNGTestRunner@9660f4e]" name="runScenario" duration-ms="4" started-at="2021-10-14T11:10:14 MST" description="Runs Cucumber Scenarios" data-provider="scenarios" finished-at="2021-10-14T11:10:14 MST">
          <params>
            <param index="0">
              <value>
                <![CDATA["Make a Call to Account/Contact/Lead"]]>
              </value>
            </param>
            <param index="1">
              <value>
                <![CDATA["Optional[Call Tab]"]]>
              </value>
            </param>
          </params>
          <reporter-output>
          </reporter-output>
        </test-method> <!-- runScenario -->
        <test-method status="PASS" signature="runScenario(io.cucumber.testng.PickleWrapper,io.cucumber.testng.FeatureWrapper)[pri:0, instance:cucumberOptions.TestNGTestRunner@9660f4e]" name="runScenario" duration-ms="7" started-at="2021-10-14T11:10:14 MST" description="Runs Cucumber Scenarios" data-provider="scenarios" finished-at="2021-10-14T11:10:14 MST">
          <params>
            <param index="0">
              <value>
                <![CDATA["Make a Call to Previous Dial Number"]]>
              </value>
            </param>
            <param index="1">
              <value>
                <![CDATA["Optional[Call Tab]"]]>
              </value>
            </param>
          </params>
          <reporter-output>
          </reporter-output>
        </test-method> <!-- runScenario -->
        <test-method status="PASS" signature="runScenario(io.cucumber.testng.PickleWrapper,io.cucumber.testng.FeatureWrapper)[pri:0, instance:cucumberOptions.TestNGTestRunner@9660f4e]" name="runScenario" duration-ms="4" started-at="2021-10-14T11:10:14 MST" description="Runs Cucumber Scenarios" data-provider="scenarios" finished-at="2021-10-14T11:10:14 MST">
          <params>
            <param index="0">
              <value>
                <![CDATA["Enter Data in Find Input Field and Clear Data"]]>
              </value>
            </param>
            <param index="1">
              <value>
                <![CDATA["Optional[Call Tab]"]]>
              </value>
            </param>
          </params>
          <reporter-output>
          </reporter-output>
        </test-method> <!-- runScenario -->
        <test-method status="PASS" signature="runScenario(io.cucumber.testng.PickleWrapper,io.cucumber.testng.FeatureWrapper)[pri:0, instance:cucumberOptions.TestNGTestRunner@9660f4e]" name="runScenario" duration-ms="4" started-at="2021-10-14T11:10:14 MST" description="Runs Cucumber Scenarios" data-provider="scenarios" finished-at="2021-10-14T11:10:14 MST">
          <params>
            <param index="0">
              <value>
                <![CDATA["Enter Data in Find Input Field and Clear Data"]]>
              </value>
            </param>
            <param index="1">
              <value>
                <![CDATA["Optional[Call Tab]"]]>
              </value>
            </param>
          </params>
          <reporter-output>
          </reporter-output>
        </test-method> <!-- runScenario -->
        <test-method status="PASS" signature="runScenario(io.cucumber.testng.PickleWrapper,io.cucumber.testng.FeatureWrapper)[pri:0, instance:cucumberOptions.TestNGTestRunner@9660f4e]" name="runScenario" duration-ms="4" started-at="2021-10-14T11:10:14 MST" description="Runs Cucumber Scenarios" data-provider="scenarios" finished-at="2021-10-14T11:10:14 MST">
          <params>
            <param index="0">
              <value>
                <![CDATA["Enter Data in Find Input Field and Clear Data"]]>
              </value>
            </param>
            <param index="1">
              <value>
                <![CDATA["Optional[Call Tab]"]]>
              </value>
            </param>
          </params>
          <reporter-output>
          </reporter-output>
        </test-method> <!-- runScenario -->
        <test-method status="PASS" signature="runScenario(io.cucumber.testng.PickleWrapper,io.cucumber.testng.FeatureWrapper)[pri:0, instance:cucumberOptions.TestNGTestRunner@9660f4e]" name="runScenario" duration-ms="3" started-at="2021-10-14T11:10:14 MST" description="Runs Cucumber Scenarios" data-provider="scenarios" finished-at="2021-10-14T11:10:14 MST">
          <params>
            <param index="0">
              <value>
                <![CDATA["Enter Data in Find Input Field and Clear Data"]]>
              </value>
            </param>
            <param index="1">
              <value>
                <![CDATA["Optional[Call Tab]"]]>
              </value>
            </param>
          </params>
          <reporter-output>
          </reporter-output>
        </test-method> <!-- runScenario -->
        <test-method status="PASS" signature="runScenario(io.cucumber.testng.PickleWrapper,io.cucumber.testng.FeatureWrapper)[pri:0, instance:cucumberOptions.TestNGTestRunner@9660f4e]" name="runScenario" duration-ms="4" started-at="2021-10-14T11:10:14 MST" description="Runs Cucumber Scenarios" data-provider="scenarios" finished-at="2021-10-14T11:10:14 MST">
          <params>
            <param index="0">
              <value>
                <![CDATA["Enter Data in Find Input Field and Clear Data"]]>
              </value>
            </param>
            <param index="1">
              <value>
                <![CDATA["Optional[Call Tab]"]]>
              </value>
            </param>
          </params>
          <reporter-output>
          </reporter-output>
        </test-method> <!-- runScenario -->
        <test-method status="PASS" signature="runScenario(io.cucumber.testng.PickleWrapper,io.cucumber.testng.FeatureWrapper)[pri:0, instance:cucumberOptions.TestNGTestRunner@9660f4e]" name="runScenario" duration-ms="3" started-at="2021-10-14T11:10:14 MST" description="Runs Cucumber Scenarios" data-provider="scenarios" finished-at="2021-10-14T11:10:14 MST">
          <params>
            <param index="0">
              <value>
                <![CDATA["Enter Data in Find Input Field and Clear Data"]]>
              </value>
            </param>
            <param index="1">
              <value>
                <![CDATA["Optional[Call Tab]"]]>
              </value>
            </param>
          </params>
          <reporter-output>
          </reporter-output>
        </test-method> <!-- runScenario -->
        <test-method status="PASS" signature="runScenario(io.cucumber.testng.PickleWrapper,io.cucumber.testng.FeatureWrapper)[pri:0, instance:cucumberOptions.TestNGTestRunner@9660f4e]" name="runScenario" duration-ms="3" started-at="2021-10-14T11:10:14 MST" description="Runs Cucumber Scenarios" data-provider="scenarios" finished-at="2021-10-14T11:10:14 MST">
          <params>
            <param index="0">
              <value>
                <![CDATA["Change Status in Available/Busy Button"]]>
              </value>
            </param>
            <param index="1">
              <value>
                <![CDATA["Optional[Call Tab]"]]>
              </value>
            </param>
          </params>
          <reporter-output>
          </reporter-output>
        </test-method> <!-- runScenario -->
        <test-method status="PASS" signature="runScenario(io.cucumber.testng.PickleWrapper,io.cucumber.testng.FeatureWrapper)[pri:0, instance:cucumberOptions.TestNGTestRunner@9660f4e]" name="runScenario" duration-ms="4" started-at="2021-10-14T11:10:14 MST" description="Runs Cucumber Scenarios" data-provider="scenarios" finished-at="2021-10-14T11:10:14 MST">
          <params>
            <param index="0">
              <value>
                <![CDATA["Change Status in Available/Busy Button"]]>
              </value>
            </param>
            <param index="1">
              <value>
                <![CDATA["Optional[Call Tab]"]]>
              </value>
            </param>
          </params>
          <reporter-output>
          </reporter-output>
        </test-method> <!-- runScenario -->
        <test-method status="PASS" signature="runScenario(io.cucumber.testng.PickleWrapper,io.cucumber.testng.FeatureWrapper)[pri:0, instance:cucumberOptions.TestNGTestRunner@9660f4e]" name="runScenario" duration-ms="6" started-at="2021-10-14T11:10:14 MST" description="Runs Cucumber Scenarios" data-provider="scenarios" finished-at="2021-10-14T11:10:14 MST">
          <params>
            <param index="0">
              <value>
                <![CDATA["Change Status in Close/Open Dialpad Buttons"]]>
              </value>
            </param>
            <param index="1">
              <value>
                <![CDATA["Optional[Call Tab]"]]>
              </value>
            </param>
          </params>
          <reporter-output>
          </reporter-output>
        </test-method> <!-- runScenario -->
        <test-method status="PASS" signature="runScenario(io.cucumber.testng.PickleWrapper,io.cucumber.testng.FeatureWrapper)[pri:0, instance:cucumberOptions.TestNGTestRunner@9660f4e]" name="runScenario" duration-ms="4" started-at="2021-10-14T11:10:14 MST" description="Runs Cucumber Scenarios" data-provider="scenarios" finished-at="2021-10-14T11:10:14 MST">
          <params>
            <param index="0">
              <value>
                <![CDATA["Change Status in Close/Open Dialpad Buttons"]]>
              </value>
            </param>
            <param index="1">
              <value>
                <![CDATA["Optional[Call Tab]"]]>
              </value>
            </param>
          </params>
          <reporter-output>
          </reporter-output>
        </test-method> <!-- runScenario -->
        <test-method status="PASS" signature="runScenario(io.cucumber.testng.PickleWrapper,io.cucumber.testng.FeatureWrapper)[pri:0, instance:cucumberOptions.TestNGTestRunner@9660f4e]" name="runScenario" duration-ms="4" started-at="2021-10-14T11:10:14 MST" description="Runs Cucumber Scenarios" data-provider="scenarios" finished-at="2021-10-14T11:10:15 MST">
          <params>
            <param index="0">
              <value>
                <![CDATA["Change Status in None/Forward/Omniring Button"]]>
              </value>
            </param>
            <param index="1">
              <value>
                <![CDATA["Optional[Call Tab]"]]>
              </value>
            </param>
          </params>
          <reporter-output>
          </reporter-output>
        </test-method> <!-- runScenario -->
        <test-method status="PASS" signature="runScenario(io.cucumber.testng.PickleWrapper,io.cucumber.testng.FeatureWrapper)[pri:0, instance:cucumberOptions.TestNGTestRunner@9660f4e]" name="runScenario" duration-ms="5" started-at="2021-10-14T11:10:15 MST" description="Runs Cucumber Scenarios" data-provider="scenarios" finished-at="2021-10-14T11:10:15 MST">
          <params>
            <param index="0">
              <value>
                <![CDATA["Change Status in None/Forward/Omniring Button"]]>
              </value>
            </param>
            <param index="1">
              <value>
                <![CDATA["Optional[Call Tab]"]]>
              </value>
            </param>
          </params>
          <reporter-output>
          </reporter-output>
        </test-method> <!-- runScenario -->
        <test-method status="PASS" signature="runScenario(io.cucumber.testng.PickleWrapper,io.cucumber.testng.FeatureWrapper)[pri:0, instance:cucumberOptions.TestNGTestRunner@9660f4e]" name="runScenario" duration-ms="6" started-at="2021-10-14T11:10:15 MST" description="Runs Cucumber Scenarios" data-provider="scenarios" finished-at="2021-10-14T11:10:15 MST">
          <params>
            <param index="0">
              <value>
                <![CDATA["Change Status in None/Forward/Omniring Button"]]>
              </value>
            </param>
            <param index="1">
              <value>
                <![CDATA["Optional[Call Tab]"]]>
              </value>
            </param>
          </params>
          <reporter-output>
          </reporter-output>
        </test-method> <!-- runScenario -->
        <test-method status="PASS" signature="runScenario(io.cucumber.testng.PickleWrapper,io.cucumber.testng.FeatureWrapper)[pri:0, instance:cucumberOptions.TestNGTestRunner@9660f4e]" name="runScenario" duration-ms="4" started-at="2021-10-14T11:10:15 MST" description="Runs Cucumber Scenarios" data-provider="scenarios" finished-at="2021-10-14T11:10:15 MST">
          <params>
            <param index="0">
              <value>
                <![CDATA["Navigate to CCio Voicemail"]]>
              </value>
            </param>
            <param index="1">
              <value>
                <![CDATA["Optional[Call Tab]"]]>
              </value>
            </param>
          </params>
          <reporter-output>
          </reporter-output>
        </test-method> <!-- runScenario -->
        <test-method status="PASS" signature="runScenario(io.cucumber.testng.PickleWrapper,io.cucumber.testng.FeatureWrapper)[pri:0, instance:cucumberOptions.TestNGTestRunner@9660f4e]" name="runScenario" duration-ms="3" started-at="2021-10-14T11:10:15 MST" description="Runs Cucumber Scenarios" data-provider="scenarios" finished-at="2021-10-14T11:10:15 MST">
          <params>
            <param index="0">
              <value>
                <![CDATA["Navigate to Conference Call"]]>
              </value>
            </param>
            <param index="1">
              <value>
                <![CDATA["Optional[Call Tab]"]]>
              </value>
            </param>
          </params>
          <reporter-output>
          </reporter-output>
        </test-method> <!-- runScenario -->
        <test-method status="PASS" signature="runScenario(io.cucumber.testng.PickleWrapper,io.cucumber.testng.FeatureWrapper)[pri:0, instance:cucumberOptions.TestNGTestRunner@9660f4e]" name="runScenario" duration-ms="3" started-at="2021-10-14T11:10:15 MST" description="Runs Cucumber Scenarios" data-provider="scenarios" finished-at="2021-10-14T11:10:15 MST">
          <params>
            <param index="0">
              <value>
                <![CDATA["Navigate to Call Recordings"]]>
              </value>
            </param>
            <param index="1">
              <value>
                <![CDATA["Optional[Call Tab]"]]>
              </value>
            </param>
          </params>
          <reporter-output>
          </reporter-output>
        </test-method> <!-- runScenario -->
        <test-method status="PASS" signature="tearDownClass()[pri:0, instance:cucumberOptions.TestNGTestRunner@9660f4e]" name="tearDownClass" is-config="true" duration-ms="19" started-at="2021-10-14T11:10:15 MST" finished-at="2021-10-14T11:10:15 MST">
          <reporter-output>
          </reporter-output>
        </test-method> <!-- tearDownClass -->
      </class> <!-- cucumberOptions.TestNGTestRunner -->
    </test> <!-- Surefire test -->
  </suite> <!-- Surefire suite -->
</testng-results>
