<?xml version="1.0" encoding="UTF-8"?>
<testng-results ignored="0" total="36" passed="36" failed="0" skipped="0">
  <reporter-output>
  </reporter-output>
  <suite started-at="2021-08-23T15:05:51 MST" name="Default suite" finished-at="2021-08-23T15:05:52 MST" duration-ms="1251">
    <groups>
      <group name="cucumber">
        <method signature="AbstractTestNGCucumberTests.runScenario(io.cucumber.testng.PickleWrapper,io.cucumber.testng.FeatureWrapper)[pri:0, instance:cucumberOptions.TestNGTestRunner@7e7be63f]" name="runScenario" class="io.cucumber.testng.AbstractTestNGCucumberTests"/>
      </group> <!-- cucumber -->
    </groups>
    <test started-at="2021-08-23T15:05:51 MST" name="Default test" finished-at="2021-08-23T15:05:52 MST" duration-ms="1251">
      <class name="cucumberOptions.TestNGTestRunner">
        <test-method is-config="true" signature="setUpClass()[pri:0, instance:cucumberOptions.TestNGTestRunner@7e7be63f]" started-at="2021-08-23T15:05:51 MST" name="setUpClass" finished-at="2021-08-23T15:05:51 MST" duration-ms="457" status="PASS">
          <reporter-output>
          </reporter-output>
        </test-method> <!-- setUpClass -->
        <test-method signature="runScenario(io.cucumber.testng.PickleWrapper,io.cucumber.testng.FeatureWrapper)[pri:0, instance:cucumberOptions.TestNGTestRunner@7e7be63f]" started-at="2021-08-23T15:05:51 MST" name="runScenario" description="Runs Cucumber Scenarios" data-provider="scenarios" finished-at="2021-08-23T15:05:51 MST" duration-ms="252" status="PASS">
          <params>
            <param index="0">
              <value>
                <![CDATA["Add Numbers and Symbols to Find Input Field"]]>
              </value>
            </param>
            <param index="1">
              <value>
                <![CDATA["Optional[Call Tab]"]]>
              </value>
            </param>
          </params>
          <reporter-output>
          </reporter-output>
        </test-method> <!-- runScenario -->
        <test-method signature="runScenario(io.cucumber.testng.PickleWrapper,io.cucumber.testng.FeatureWrapper)[pri:0, instance:cucumberOptions.TestNGTestRunner@7e7be63f]" started-at="2021-08-23T15:05:51 MST" name="runScenario" description="Runs Cucumber Scenarios" data-provider="scenarios" finished-at="2021-08-23T15:05:51 MST" duration-ms="8" status="PASS">
          <params>
            <param index="0">
              <value>
                <![CDATA["Add Numbers and Symbols to Find Input Field"]]>
              </value>
            </param>
            <param index="1">
              <value>
                <![CDATA["Optional[Call Tab]"]]>
              </value>
            </param>
          </params>
          <reporter-output>
          </reporter-output>
        </test-method> <!-- runScenario -->
        <test-method signature="runScenario(io.cucumber.testng.PickleWrapper,io.cucumber.testng.FeatureWrapper)[pri:0, instance:cucumberOptions.TestNGTestRunner@7e7be63f]" started-at="2021-08-23T15:05:51 MST" name="runScenario" description="Runs Cucumber Scenarios" data-provider="scenarios" finished-at="2021-08-23T15:05:51 MST" duration-ms="10" status="PASS">
          <params>
            <param index="0">
              <value>
                <![CDATA["Add Numbers and Symbols to Find Input Field"]]>
              </value>
            </param>
            <param index="1">
              <value>
                <![CDATA["Optional[Call Tab]"]]>
              </value>
            </param>
          </params>
          <reporter-output>
          </reporter-output>
        </test-method> <!-- runScenario -->
        <test-method signature="runScenario(io.cucumber.testng.PickleWrapper,io.cucumber.testng.FeatureWrapper)[pri:0, instance:cucumberOptions.TestNGTestRunner@7e7be63f]" started-at="2021-08-23T15:05:51 MST" name="runScenario" description="Runs Cucumber Scenarios" data-provider="scenarios" finished-at="2021-08-23T15:05:51 MST" duration-ms="11" status="PASS">
          <params>
            <param index="0">
              <value>
                <![CDATA["Add Numbers and Symbols to Find Input Field"]]>
              </value>
            </param>
            <param index="1">
              <value>
                <![CDATA["Optional[Call Tab]"]]>
              </value>
            </param>
          </params>
          <reporter-output>
          </reporter-output>
        </test-method> <!-- runScenario -->
        <test-method signature="runScenario(io.cucumber.testng.PickleWrapper,io.cucumber.testng.FeatureWrapper)[pri:0, instance:cucumberOptions.TestNGTestRunner@7e7be63f]" started-at="2021-08-23T15:05:51 MST" name="runScenario" description="Runs Cucumber Scenarios" data-provider="scenarios" finished-at="2021-08-23T15:05:51 MST" duration-ms="18" status="PASS">
          <params>
            <param index="0">
              <value>
                <![CDATA["Add Numbers and Symbols to Find Input Field"]]>
              </value>
            </param>
            <param index="1">
              <value>
                <![CDATA["Optional[Call Tab]"]]>
              </value>
            </param>
          </params>
          <reporter-output>
          </reporter-output>
        </test-method> <!-- runScenario -->
        <test-method signature="runScenario(io.cucumber.testng.PickleWrapper,io.cucumber.testng.FeatureWrapper)[pri:0, instance:cucumberOptions.TestNGTestRunner@7e7be63f]" started-at="2021-08-23T15:05:51 MST" name="runScenario" description="Runs Cucumber Scenarios" data-provider="scenarios" finished-at="2021-08-23T15:05:51 MST" duration-ms="19" status="PASS">
          <params>
            <param index="0">
              <value>
                <![CDATA["Add Numbers and Symbols to Find Input Field"]]>
              </value>
            </param>
            <param index="1">
              <value>
                <![CDATA["Optional[Call Tab]"]]>
              </value>
            </param>
          </params>
          <reporter-output>
          </reporter-output>
        </test-method> <!-- runScenario -->
        <test-method signature="runScenario(io.cucumber.testng.PickleWrapper,io.cucumber.testng.FeatureWrapper)[pri:0, instance:cucumberOptions.TestNGTestRunner@7e7be63f]" started-at="2021-08-23T15:05:51 MST" name="runScenario" description="Runs Cucumber Scenarios" data-provider="scenarios" finished-at="2021-08-23T15:05:51 MST" duration-ms="16" status="PASS">
          <params>
            <param index="0">
              <value>
                <![CDATA["Add Numbers and Symbols to Find Input Field"]]>
              </value>
            </param>
            <param index="1">
              <value>
                <![CDATA["Optional[Call Tab]"]]>
              </value>
            </param>
          </params>
          <reporter-output>
          </reporter-output>
        </test-method> <!-- runScenario -->
        <test-method signature="runScenario(io.cucumber.testng.PickleWrapper,io.cucumber.testng.FeatureWrapper)[pri:0, instance:cucumberOptions.TestNGTestRunner@7e7be63f]" started-at="2021-08-23T15:05:51 MST" name="runScenario" description="Runs Cucumber Scenarios" data-provider="scenarios" finished-at="2021-08-23T15:05:51 MST" duration-ms="16" status="PASS">
          <params>
            <param index="0">
              <value>
                <![CDATA["Add Numbers and Symbols to Find Input Field"]]>
              </value>
            </param>
            <param index="1">
              <value>
                <![CDATA["Optional[Call Tab]"]]>
              </value>
            </param>
          </params>
          <reporter-output>
          </reporter-output>
        </test-method> <!-- runScenario -->
        <test-method signature="runScenario(io.cucumber.testng.PickleWrapper,io.cucumber.testng.FeatureWrapper)[pri:0, instance:cucumberOptions.TestNGTestRunner@7e7be63f]" started-at="2021-08-23T15:05:51 MST" name="runScenario" description="Runs Cucumber Scenarios" data-provider="scenarios" finished-at="2021-08-23T15:05:51 MST" duration-ms="9" status="PASS">
          <params>
            <param index="0">
              <value>
                <![CDATA["Add Numbers and Symbols to Find Input Field"]]>
              </value>
            </param>
            <param index="1">
              <value>
                <![CDATA["Optional[Call Tab]"]]>
              </value>
            </param>
          </params>
          <reporter-output>
          </reporter-output>
        </test-method> <!-- runScenario -->
        <test-method signature="runScenario(io.cucumber.testng.PickleWrapper,io.cucumber.testng.FeatureWrapper)[pri:0, instance:cucumberOptions.TestNGTestRunner@7e7be63f]" started-at="2021-08-23T15:05:51 MST" name="runScenario" description="Runs Cucumber Scenarios" data-provider="scenarios" finished-at="2021-08-23T15:05:51 MST" duration-ms="9" status="PASS">
          <params>
            <param index="0">
              <value>
                <![CDATA["Add Numbers and Symbols to Find Input Field"]]>
              </value>
            </param>
            <param index="1">
              <value>
                <![CDATA["Optional[Call Tab]"]]>
              </value>
            </param>
          </params>
          <reporter-output>
          </reporter-output>
        </test-method> <!-- runScenario -->
        <test-method signature="runScenario(io.cucumber.testng.PickleWrapper,io.cucumber.testng.FeatureWrapper)[pri:0, instance:cucumberOptions.TestNGTestRunner@7e7be63f]" started-at="2021-08-23T15:05:51 MST" name="runScenario" description="Runs Cucumber Scenarios" data-provider="scenarios" finished-at="2021-08-23T15:05:51 MST" duration-ms="7" status="PASS">
          <params>
            <param index="0">
              <value>
                <![CDATA["Add Numbers and Symbols to Find Input Field"]]>
              </value>
            </param>
            <param index="1">
              <value>
                <![CDATA["Optional[Call Tab]"]]>
              </value>
            </param>
          </params>
          <reporter-output>
          </reporter-output>
        </test-method> <!-- runScenario -->
        <test-method signature="runScenario(io.cucumber.testng.PickleWrapper,io.cucumber.testng.FeatureWrapper)[pri:0, instance:cucumberOptions.TestNGTestRunner@7e7be63f]" started-at="2021-08-23T15:05:52 MST" name="runScenario" description="Runs Cucumber Scenarios" data-provider="scenarios" finished-at="2021-08-23T15:05:52 MST" duration-ms="10" status="PASS">
          <params>
            <param index="0">
              <value>
                <![CDATA["Add Numbers and Symbols to Find Input Field"]]>
              </value>
            </param>
            <param index="1">
              <value>
                <![CDATA["Optional[Call Tab]"]]>
              </value>
            </param>
          </params>
          <reporter-output>
          </reporter-output>
        </test-method> <!-- runScenario -->
        <test-method signature="runScenario(io.cucumber.testng.PickleWrapper,io.cucumber.testng.FeatureWrapper)[pri:0, instance:cucumberOptions.TestNGTestRunner@7e7be63f]" started-at="2021-08-23T15:05:52 MST" name="runScenario" description="Runs Cucumber Scenarios" data-provider="scenarios" finished-at="2021-08-23T15:05:52 MST" duration-ms="7" status="PASS">
          <params>
            <param index="0">
              <value>
                <![CDATA["Add Numbers and Symbols to Find Input Field"]]>
              </value>
            </param>
            <param index="1">
              <value>
                <![CDATA["Optional[Call Tab]"]]>
              </value>
            </param>
          </params>
          <reporter-output>
          </reporter-output>
        </test-method> <!-- runScenario -->
        <test-method signature="runScenario(io.cucumber.testng.PickleWrapper,io.cucumber.testng.FeatureWrapper)[pri:0, instance:cucumberOptions.TestNGTestRunner@7e7be63f]" started-at="2021-08-23T15:05:52 MST" name="runScenario" description="Runs Cucumber Scenarios" data-provider="scenarios" finished-at="2021-08-23T15:05:52 MST" duration-ms="9" status="PASS">
          <params>
            <param index="0">
              <value>
                <![CDATA["Make a Call to Unknown Numbers"]]>
              </value>
            </param>
            <param index="1">
              <value>
                <![CDATA["Optional[Call Tab]"]]>
              </value>
            </param>
          </params>
          <reporter-output>
          </reporter-output>
        </test-method> <!-- runScenario -->
        <test-method signature="runScenario(io.cucumber.testng.PickleWrapper,io.cucumber.testng.FeatureWrapper)[pri:0, instance:cucumberOptions.TestNGTestRunner@7e7be63f]" started-at="2021-08-23T15:05:52 MST" name="runScenario" description="Runs Cucumber Scenarios" data-provider="scenarios" finished-at="2021-08-23T15:05:52 MST" duration-ms="14" status="PASS">
          <params>
            <param index="0">
              <value>
                <![CDATA["Make a Call to Unknown Numbers"]]>
              </value>
            </param>
            <param index="1">
              <value>
                <![CDATA["Optional[Call Tab]"]]>
              </value>
            </param>
          </params>
          <reporter-output>
          </reporter-output>
        </test-method> <!-- runScenario -->
        <test-method signature="runScenario(io.cucumber.testng.PickleWrapper,io.cucumber.testng.FeatureWrapper)[pri:0, instance:cucumberOptions.TestNGTestRunner@7e7be63f]" started-at="2021-08-23T15:05:52 MST" name="runScenario" description="Runs Cucumber Scenarios" data-provider="scenarios" finished-at="2021-08-23T15:05:52 MST" duration-ms="14" status="PASS">
          <params>
            <param index="0">
              <value>
                <![CDATA["Make a Call to Unknown Numbers"]]>
              </value>
            </param>
            <param index="1">
              <value>
                <![CDATA["Optional[Call Tab]"]]>
              </value>
            </param>
          </params>
          <reporter-output>
          </reporter-output>
        </test-method> <!-- runScenario -->
        <test-method signature="runScenario(io.cucumber.testng.PickleWrapper,io.cucumber.testng.FeatureWrapper)[pri:0, instance:cucumberOptions.TestNGTestRunner@7e7be63f]" started-at="2021-08-23T15:05:52 MST" name="runScenario" description="Runs Cucumber Scenarios" data-provider="scenarios" finished-at="2021-08-23T15:05:52 MST" duration-ms="13" status="PASS">
          <params>
            <param index="0">
              <value>
                <![CDATA["Make a Call to Account/Contact/Lead"]]>
              </value>
            </param>
            <param index="1">
              <value>
                <![CDATA["Optional[Call Tab]"]]>
              </value>
            </param>
          </params>
          <reporter-output>
          </reporter-output>
        </test-method> <!-- runScenario -->
        <test-method signature="runScenario(io.cucumber.testng.PickleWrapper,io.cucumber.testng.FeatureWrapper)[pri:0, instance:cucumberOptions.TestNGTestRunner@7e7be63f]" started-at="2021-08-23T15:05:52 MST" name="runScenario" description="Runs Cucumber Scenarios" data-provider="scenarios" finished-at="2021-08-23T15:05:52 MST" duration-ms="31" status="PASS">
          <params>
            <param index="0">
              <value>
                <![CDATA["Make a Call to Account/Contact/Lead"]]>
              </value>
            </param>
            <param index="1">
              <value>
                <![CDATA["Optional[Call Tab]"]]>
              </value>
            </param>
          </params>
          <reporter-output>
          </reporter-output>
        </test-method> <!-- runScenario -->
        <test-method signature="runScenario(io.cucumber.testng.PickleWrapper,io.cucumber.testng.FeatureWrapper)[pri:0, instance:cucumberOptions.TestNGTestRunner@7e7be63f]" started-at="2021-08-23T15:05:52 MST" name="runScenario" description="Runs Cucumber Scenarios" data-provider="scenarios" finished-at="2021-08-23T15:05:52 MST" duration-ms="13" status="PASS">
          <params>
            <param index="0">
              <value>
                <![CDATA["Make a Call to Account/Contact/Lead"]]>
              </value>
            </param>
            <param index="1">
              <value>
                <![CDATA["Optional[Call Tab]"]]>
              </value>
            </param>
          </params>
          <reporter-output>
          </reporter-output>
        </test-method> <!-- runScenario -->
        <test-method signature="runScenario(io.cucumber.testng.PickleWrapper,io.cucumber.testng.FeatureWrapper)[pri:0, instance:cucumberOptions.TestNGTestRunner@7e7be63f]" started-at="2021-08-23T15:05:52 MST" name="runScenario" description="Runs Cucumber Scenarios" data-provider="scenarios" finished-at="2021-08-23T15:05:52 MST" duration-ms="14" status="PASS">
          <params>
            <param index="0">
              <value>
                <![CDATA["Make a Call to Previous Dial Number"]]>
              </value>
            </param>
            <param index="1">
              <value>
                <![CDATA["Optional[Call Tab]"]]>
              </value>
            </param>
          </params>
          <reporter-output>
          </reporter-output>
        </test-method> <!-- runScenario -->
        <test-method signature="runScenario(io.cucumber.testng.PickleWrapper,io.cucumber.testng.FeatureWrapper)[pri:0, instance:cucumberOptions.TestNGTestRunner@7e7be63f]" started-at="2021-08-23T15:05:52 MST" name="runScenario" description="Runs Cucumber Scenarios" data-provider="scenarios" finished-at="2021-08-23T15:05:52 MST" duration-ms="10" status="PASS">
          <params>
            <param index="0">
              <value>
                <![CDATA["Enter Data in Find Input Field and Clear Data"]]>
              </value>
            </param>
            <param index="1">
              <value>
                <![CDATA["Optional[Call Tab]"]]>
              </value>
            </param>
          </params>
          <reporter-output>
          </reporter-output>
        </test-method> <!-- runScenario -->
        <test-method signature="runScenario(io.cucumber.testng.PickleWrapper,io.cucumber.testng.FeatureWrapper)[pri:0, instance:cucumberOptions.TestNGTestRunner@7e7be63f]" started-at="2021-08-23T15:05:52 MST" name="runScenario" description="Runs Cucumber Scenarios" data-provider="scenarios" finished-at="2021-08-23T15:05:52 MST" duration-ms="10" status="PASS">
          <params>
            <param index="0">
              <value>
                <![CDATA["Enter Data in Find Input Field and Clear Data"]]>
              </value>
            </param>
            <param index="1">
              <value>
                <![CDATA["Optional[Call Tab]"]]>
              </value>
            </param>
          </params>
          <reporter-output>
          </reporter-output>
        </test-method> <!-- runScenario -->
        <test-method signature="runScenario(io.cucumber.testng.PickleWrapper,io.cucumber.testng.FeatureWrapper)[pri:0, instance:cucumberOptions.TestNGTestRunner@7e7be63f]" started-at="2021-08-23T15:05:52 MST" name="runScenario" description="Runs Cucumber Scenarios" data-provider="scenarios" finished-at="2021-08-23T15:05:52 MST" duration-ms="8" status="PASS">
          <params>
            <param index="0">
              <value>
                <![CDATA["Enter Data in Find Input Field and Clear Data"]]>
              </value>
            </param>
            <param index="1">
              <value>
                <![CDATA["Optional[Call Tab]"]]>
              </value>
            </param>
          </params>
          <reporter-output>
          </reporter-output>
        </test-method> <!-- runScenario -->
        <test-method signature="runScenario(io.cucumber.testng.PickleWrapper,io.cucumber.testng.FeatureWrapper)[pri:0, instance:cucumberOptions.TestNGTestRunner@7e7be63f]" started-at="2021-08-23T15:05:52 MST" name="runScenario" description="Runs Cucumber Scenarios" data-provider="scenarios" finished-at="2021-08-23T15:05:52 MST" duration-ms="8" status="PASS">
          <params>
            <param index="0">
              <value>
                <![CDATA["Enter Data in Find Input Field and Clear Data"]]>
              </value>
            </param>
            <param index="1">
              <value>
                <![CDATA["Optional[Call Tab]"]]>
              </value>
            </param>
          </params>
          <reporter-output>
          </reporter-output>
        </test-method> <!-- runScenario -->
        <test-method signature="runScenario(io.cucumber.testng.PickleWrapper,io.cucumber.testng.FeatureWrapper)[pri:0, instance:cucumberOptions.TestNGTestRunner@7e7be63f]" started-at="2021-08-23T15:05:52 MST" name="runScenario" description="Runs Cucumber Scenarios" data-provider="scenarios" finished-at="2021-08-23T15:05:52 MST" duration-ms="6" status="PASS">
          <params>
            <param index="0">
              <value>
                <![CDATA["Enter Data in Find Input Field and Clear Data"]]>
              </value>
            </param>
            <param index="1">
              <value>
                <![CDATA["Optional[Call Tab]"]]>
              </value>
            </param>
          </params>
          <reporter-output>
          </reporter-output>
        </test-method> <!-- runScenario -->
        <test-method signature="runScenario(io.cucumber.testng.PickleWrapper,io.cucumber.testng.FeatureWrapper)[pri:0, instance:cucumberOptions.TestNGTestRunner@7e7be63f]" started-at="2021-08-23T15:05:52 MST" name="runScenario" description="Runs Cucumber Scenarios" data-provider="scenarios" finished-at="2021-08-23T15:05:52 MST" duration-ms="6" status="PASS">
          <params>
            <param index="0">
              <value>
                <![CDATA["Enter Data in Find Input Field and Clear Data"]]>
              </value>
            </param>
            <param index="1">
              <value>
                <![CDATA["Optional[Call Tab]"]]>
              </value>
            </param>
          </params>
          <reporter-output>
          </reporter-output>
        </test-method> <!-- runScenario -->
        <test-method signature="runScenario(io.cucumber.testng.PickleWrapper,io.cucumber.testng.FeatureWrapper)[pri:0, instance:cucumberOptions.TestNGTestRunner@7e7be63f]" started-at="2021-08-23T15:05:52 MST" name="runScenario" description="Runs Cucumber Scenarios" data-provider="scenarios" finished-at="2021-08-23T15:05:52 MST" duration-ms="8" status="PASS">
          <params>
            <param index="0">
              <value>
                <![CDATA["Change Status in Available/Busy Button"]]>
              </value>
            </param>
            <param index="1">
              <value>
                <![CDATA["Optional[Call Tab]"]]>
              </value>
            </param>
          </params>
          <reporter-output>
          </reporter-output>
        </test-method> <!-- runScenario -->
        <test-method signature="runScenario(io.cucumber.testng.PickleWrapper,io.cucumber.testng.FeatureWrapper)[pri:0, instance:cucumberOptions.TestNGTestRunner@7e7be63f]" started-at="2021-08-23T15:05:52 MST" name="runScenario" description="Runs Cucumber Scenarios" data-provider="scenarios" finished-at="2021-08-23T15:05:52 MST" duration-ms="6" status="PASS">
          <params>
            <param index="0">
              <value>
                <![CDATA["Change Status in Available/Busy Button"]]>
              </value>
            </param>
            <param index="1">
              <value>
                <![CDATA["Optional[Call Tab]"]]>
              </value>
            </param>
          </params>
          <reporter-output>
          </reporter-output>
        </test-method> <!-- runScenario -->
        <test-method signature="runScenario(io.cucumber.testng.PickleWrapper,io.cucumber.testng.FeatureWrapper)[pri:0, instance:cucumberOptions.TestNGTestRunner@7e7be63f]" started-at="2021-08-23T15:05:52 MST" name="runScenario" description="Runs Cucumber Scenarios" data-provider="scenarios" finished-at="2021-08-23T15:05:52 MST" duration-ms="7" status="PASS">
          <params>
            <param index="0">
              <value>
                <![CDATA["Change Status in Close/Open Dialpad Buttons"]]>
              </value>
            </param>
            <param index="1">
              <value>
                <![CDATA["Optional[Call Tab]"]]>
              </value>
            </param>
          </params>
          <reporter-output>
          </reporter-output>
        </test-method> <!-- runScenario -->
        <test-method signature="runScenario(io.cucumber.testng.PickleWrapper,io.cucumber.testng.FeatureWrapper)[pri:0, instance:cucumberOptions.TestNGTestRunner@7e7be63f]" started-at="2021-08-23T15:05:52 MST" name="runScenario" description="Runs Cucumber Scenarios" data-provider="scenarios" finished-at="2021-08-23T15:05:52 MST" duration-ms="7" status="PASS">
          <params>
            <param index="0">
              <value>
                <![CDATA["Change Status in Close/Open Dialpad Buttons"]]>
              </value>
            </param>
            <param index="1">
              <value>
                <![CDATA["Optional[Call Tab]"]]>
              </value>
            </param>
          </params>
          <reporter-output>
          </reporter-output>
        </test-method> <!-- runScenario -->
        <test-method signature="runScenario(io.cucumber.testng.PickleWrapper,io.cucumber.testng.FeatureWrapper)[pri:0, instance:cucumberOptions.TestNGTestRunner@7e7be63f]" started-at="2021-08-23T15:05:52 MST" name="runScenario" description="Runs Cucumber Scenarios" data-provider="scenarios" finished-at="2021-08-23T15:05:52 MST" duration-ms="5" status="PASS">
          <params>
            <param index="0">
              <value>
                <![CDATA["Change Status in None/Forward/Omniring Button"]]>
              </value>
            </param>
            <param index="1">
              <value>
                <![CDATA["Optional[Call Tab]"]]>
              </value>
            </param>
          </params>
          <reporter-output>
          </reporter-output>
        </test-method> <!-- runScenario -->
        <test-method signature="runScenario(io.cucumber.testng.PickleWrapper,io.cucumber.testng.FeatureWrapper)[pri:0, instance:cucumberOptions.TestNGTestRunner@7e7be63f]" started-at="2021-08-23T15:05:52 MST" name="runScenario" description="Runs Cucumber Scenarios" data-provider="scenarios" finished-at="2021-08-23T15:05:52 MST" duration-ms="9" status="PASS">
          <params>
            <param index="0">
              <value>
                <![CDATA["Change Status in None/Forward/Omniring Button"]]>
              </value>
            </param>
            <param index="1">
              <value>
                <![CDATA["Optional[Call Tab]"]]>
              </value>
            </param>
          </params>
          <reporter-output>
          </reporter-output>
        </test-method> <!-- runScenario -->
        <test-method signature="runScenario(io.cucumber.testng.PickleWrapper,io.cucumber.testng.FeatureWrapper)[pri:0, instance:cucumberOptions.TestNGTestRunner@7e7be63f]" started-at="2021-08-23T15:05:52 MST" name="runScenario" description="Runs Cucumber Scenarios" data-provider="scenarios" finished-at="2021-08-23T15:05:52 MST" duration-ms="5" status="PASS">
          <params>
            <param index="0">
              <value>
                <![CDATA["Change Status in None/Forward/Omniring Button"]]>
              </value>
            </param>
            <param index="1">
              <value>
                <![CDATA["Optional[Call Tab]"]]>
              </value>
            </param>
          </params>
          <reporter-output>
          </reporter-output>
        </test-method> <!-- runScenario -->
        <test-method signature="runScenario(io.cucumber.testng.PickleWrapper,io.cucumber.testng.FeatureWrapper)[pri:0, instance:cucumberOptions.TestNGTestRunner@7e7be63f]" started-at="2021-08-23T15:05:52 MST" name="runScenario" description="Runs Cucumber Scenarios" data-provider="scenarios" finished-at="2021-08-23T15:05:52 MST" duration-ms="6" status="PASS">
          <params>
            <param index="0">
              <value>
                <![CDATA["Navigate to CCio Voicemail"]]>
              </value>
            </param>
            <param index="1">
              <value>
                <![CDATA["Optional[Call Tab]"]]>
              </value>
            </param>
          </params>
          <reporter-output>
          </reporter-output>
        </test-method> <!-- runScenario -->
        <test-method signature="runScenario(io.cucumber.testng.PickleWrapper,io.cucumber.testng.FeatureWrapper)[pri:0, instance:cucumberOptions.TestNGTestRunner@7e7be63f]" started-at="2021-08-23T15:05:52 MST" name="runScenario" description="Runs Cucumber Scenarios" data-provider="scenarios" finished-at="2021-08-23T15:05:52 MST" duration-ms="5" status="PASS">
          <params>
            <param index="0">
              <value>
                <![CDATA["Navigate to Conference Call"]]>
              </value>
            </param>
            <param index="1">
              <value>
                <![CDATA["Optional[Call Tab]"]]>
              </value>
            </param>
          </params>
          <reporter-output>
          </reporter-output>
        </test-method> <!-- runScenario -->
        <test-method signature="runScenario(io.cucumber.testng.PickleWrapper,io.cucumber.testng.FeatureWrapper)[pri:0, instance:cucumberOptions.TestNGTestRunner@7e7be63f]" started-at="2021-08-23T15:05:52 MST" name="runScenario" description="Runs Cucumber Scenarios" data-provider="scenarios" finished-at="2021-08-23T15:05:52 MST" duration-ms="4" status="PASS">
          <params>
            <param index="0">
              <value>
                <![CDATA["Navigate to Call Recordings"]]>
              </value>
            </param>
            <param index="1">
              <value>
                <![CDATA["Optional[Call Tab]"]]>
              </value>
            </param>
          </params>
          <reporter-output>
          </reporter-output>
        </test-method> <!-- runScenario -->
        <test-method is-config="true" signature="tearDownClass()[pri:0, instance:cucumberOptions.TestNGTestRunner@7e7be63f]" started-at="2021-08-23T15:05:52 MST" name="tearDownClass" finished-at="2021-08-23T15:05:52 MST" duration-ms="29" status="PASS">
          <reporter-output>
          </reporter-output>
        </test-method> <!-- tearDownClass -->
      </class> <!-- cucumberOptions.TestNGTestRunner -->
    </test> <!-- Default test -->
  </suite> <!-- Default suite -->
</testng-results>
